<?xml version="1.0" encoding="UTF-8"?>
<testsuite xmlns:xsi="http://www.w3.org/2001/XMLSchema-instance" xsi:noNamespaceSchemaLocation="https://maven.apache.org/surefire/maven-surefire-plugin/xsd/surefire-test-report-3.0.xsd" version="3.0" name="br.com.sandra.automation.runner.TestRunner" time="16.88" tests="4" errors="0" skipped="0" failures="1">
  <properties>
[...]
</properties>
  <testcase name="Validar um post pelo ID #1" classname="Busca de Posts na API JSONPlaceholder" time="10.9">
    <system-out><![CDATA[
@api @GET @regressivo
Esquema do CenÃ¡rio: Validar um post pelo ID                                                                &amp#27;[90m# src/test/resources/features/posts.api.feature:16&amp#27;[0m

🔹 Iniciando cenário: Validar um post pelo ID
✔️ API de posts está disponível em: https://jsonplaceholder.typicode.com
  &amp#27;[32mDado &amp#27;[0m&amp#27;[32mque a API de posts estÃ¡ disponÃ­vel&amp#27;[0m                                                                  &amp#27;[90m# br.com.sandra.automation.steps.PostSteps.que_a_api_de_posts_esta_disponivel()&amp#27;[0m
🔍 Buscando post com ID: 1, Status: 200
  &amp#27;[32mQuando &amp#27;[0m&amp#27;[32meu busco o post com o ID &amp#27;[0m&amp#27;[32m&amp#27;[1m1&amp#27;[0m                                                                        &amp#27;[90m# br.com.sandra.automation.steps.PostSteps.eu_busco_o_post_com_o_id(int)&amp#27;[0m
✅ Status Code Validado: 200
2025-09-26T01:06:59.618240600Z main ERROR Log4j2 could not find a logging implementation. Please add log4j-core to the classpath. Using SimpleLogger to log to the console...
✔️ Resultado salvo no Excel: target/relatorio_testes.xlsx
  &amp#27;[32mEntÃ£o &amp#27;[0m&amp#27;[32mo status code da resposta deve ser &amp#27;[0m&amp#27;[32m&amp#27;[1m200&amp#27;[0m                                                             &amp#27;[90m# br.com.sandra.automation.steps.PostSteps.o_status_code_da_resposta_deve_ser(int)&amp#27;[0m
✅ Título Validado: sunt aut facere repellat provident occaecati excepturi optio reprehenderit
  &amp#27;[32mE &amp#27;[0m&amp#27;[32mo titulo do post deve ser &amp#27;[0m&amp#27;[32m&amp#27;[1m"sunt aut facere repellat provident occaecati excepturi optio reprehenderit"&amp#27;[0m &amp#27;[90m# br.com.sandra.automation.steps.PostSteps.o_titulo_do_post_deve_ser(java.lang.String)&amp#27;[0m
🔸 Finalizando cenário: Validar um post pelo ID
✅ Cenário passou: Validar um post pelo ID
]]></system-out>
    <system-err><![CDATA[set. 25, 2025 10:06:49 PM io.cucumber.core.options.CucumberPropertiesParser lambda$warnWhenCucumberOptionsIsUsed$2
WARNING: Passing commandline options via the property 'cucumber.options' is no longer supported. Please use individual properties instead. See the java doc on io.cucumber.core.options.Constants for details.
SLF4J(W): No SLF4J providers were found.
SLF4J(W): Defaulting to no-operation (NOP) logger implementation
SLF4J(W): See https://www.slf4j.org/codes.html#noProviders for further details.
]]></system-err>
  </testcase>
  <testcase name="Validar um post pelo ID #2" classname="Busca de Posts na API JSONPlaceholder" time="0.583">
    <system-out><![CDATA[
@api @GET @regressivo
Esquema do CenÃ¡rio: Validar um post pelo ID    &amp#27;[90m# src/test/resources/features/posts.api.feature:17&amp#27;[0m

🔹 Iniciando cenário: Validar um post pelo ID
✔️ API de posts está disponível em: https://jsonplaceholder.typicode.com
  &amp#27;[32mDado &amp#27;[0m&amp#27;[32mque a API de posts estÃ¡ disponÃ­vel&amp#27;[0m      &amp#27;[90m# br.com.sandra.automation.steps.PostSteps.que_a_api_de_posts_esta_disponivel()&amp#27;[0m
🔍 Buscando post com ID: 2, Status: 200
  &amp#27;[32mQuando &amp#27;[0m&amp#27;[32meu busco o post com o ID &amp#27;[0m&amp#27;[32m&amp#27;[1m2&amp#27;[0m            &amp#27;[90m# br.com.sandra.automation.steps.PostSteps.eu_busco_o_post_com_o_id(int)&amp#27;[0m
✅ Status Code Validado: 200
✔️ Resultado salvo no Excel: target/relatorio_testes.xlsx
  &amp#27;[32mEntÃ£o &amp#27;[0m&amp#27;[32mo status code da resposta deve ser &amp#27;[0m&amp#27;[32m&amp#27;[1m200&amp#27;[0m &amp#27;[90m# br.com.sandra.automation.steps.PostSteps.o_status_code_da_resposta_deve_ser(int)&amp#27;[0m
✅ Título Validado: qui est esse
  &amp#27;[32mE &amp#27;[0m&amp#27;[32mo titulo do post deve ser &amp#27;[0m&amp#27;[32m&amp#27;[1m"qui est esse"&amp#27;[0m   &amp#27;[90m# br.com.sandra.automation.steps.PostSteps.o_titulo_do_post_deve_ser(java.lang.String)&amp#27;[0m
🔸 Finalizando cenário: Validar um post pelo ID
✅ Cenário passou: Validar um post pelo ID
]]></system-out>
  </testcase>
  <testcase name="Validar um post pelo ID #3" classname="Busca de Posts na API JSONPlaceholder" time="0.328">
    <failure message="O título do post retornado não é o esperado! expected:&lt;[ad dolor inventore quisquam et ad]&gt; but was:&lt;[temporibus sit alias delectus eligendi possimus magni]&gt;" type="org.junit.ComparisonFailure"><![CDATA[org.junit.ComparisonFailure: O título do post retornado não é o esperado! expected:<[ad dolor inventore quisquam et ad]> but was:<[temporibus sit alias delectus eligendi possimus magni]>
	at org.junit.Assert.assertEquals(Assert.java:117)
	at br.com.sandra.automation.steps.PostSteps.o_titulo_do_post_deve_ser(PostSteps.java:50)
	at ✽.o titulo do post deve ser "ad dolor inventore quisquam et ad"(file:///C:/Users/sammy/AprendizadoCódigo/Automacao-de-testes/src/test/resources/features/posts.api.feature:12)
]]></failure>
    <system-out><![CDATA[
@api @GET @regressivo
Esquema do CenÃ¡rio: Validar um post pelo ID                       &amp#27;[90m# src/test/resources/features/posts.api.feature:18&amp#27;[0m

🔹 Iniciando cenário: Validar um post pelo ID
✔️ API de posts está disponível em: https://jsonplaceholder.typicode.com
  &amp#27;[32mDado &amp#27;[0m&amp#27;[32mque a API de posts estÃ¡ disponÃ­vel&amp#27;[0m                         &amp#27;[90m# br.com.sandra.automation.steps.PostSteps.que_a_api_de_posts_esta_disponivel()&amp#27;[0m
🔍 Buscando post com ID: 99, Status: 200
  &amp#27;[32mQuando &amp#27;[0m&amp#27;[32meu busco o post com o ID &amp#27;[0m&amp#27;[32m&amp#27;[1m99&amp#27;[0m                              &amp#27;[90m# br.com.sandra.automation.steps.PostSteps.eu_busco_o_post_com_o_id(int)&amp#27;[0m
✅ Status Code Validado: 200
✔️ Resultado salvo no Excel: target/relatorio_testes.xlsx
  &amp#27;[32mEntÃ£o &amp#27;[0m&amp#27;[32mo status code da resposta deve ser &amp#27;[0m&amp#27;[32m&amp#27;[1m200&amp#27;[0m                    &amp#27;[90m# br.com.sandra.automation.steps.PostSteps.o_status_code_da_resposta_deve_ser(int)&amp#27;[0m
  &amp#27;[31mE &amp#27;[0m&amp#27;[31mo titulo do post deve ser &amp#27;[0m&amp#27;[31m&amp#27;[1m"ad dolor inventore quisquam et ad"&amp#27;[0m &amp#27;[90m# br.com.sandra.automation.steps.PostSteps.o_titulo_do_post_deve_ser(java.lang.String)&amp#27;[0m
      &amp#27;[31morg.junit.ComparisonFailure: O tÃ­tulo do post retornado nÃ£o Ã© o esperado! expected:<[ad dolor inventore quisquam et ad]> but was:<[temporibus sit alias delectus eligendi possimus magni]>
	at org.junit.Assert.assertEquals(Assert.java:117)
	at br.com.sandra.automation.steps.PostSteps.o_titulo_do_post_deve_ser(PostSteps.java:50)
	at âœ½.o titulo do post deve ser "ad dolor inventore quisquam et ad"(file:///C:/Users/sammy/AprendizadoCÃ³digo/Automacao-de-testes/src/test/resources/features/posts.api.feature:12)
&amp#27;[0m
🔸 Finalizando cenário: Validar um post pelo ID
❌ Cenário falhou (API): Validar um post pelo ID
]]></system-out>
  </testcase>
  <testcase name="Validar um post pelo ID #4" classname="Busca de Posts na API JSONPlaceholder" time="0.679">
    <system-out><![CDATA[
@api @GET @regressivo
Esquema do CenÃ¡rio: Validar um post pelo ID    &amp#27;[90m# src/test/resources/features/posts.api.feature:19&amp#27;[0m

🔹 Iniciando cenário: Validar um post pelo ID
✔️ API de posts está disponível em: https://jsonplaceholder.typicode.com
  &amp#27;[32mDado &amp#27;[0m&amp#27;[32mque a API de posts estÃ¡ disponÃ­vel&amp#27;[0m      &amp#27;[90m# br.com.sandra.automation.steps.PostSteps.que_a_api_de_posts_esta_disponivel()&amp#27;[0m
🔍 Buscando post com ID: 999, Status: 404
  &amp#27;[32mQuando &amp#27;[0m&amp#27;[32meu busco o post com o ID &amp#27;[0m&amp#27;[32m&amp#27;[1m999&amp#27;[0m          &amp#27;[90m# br.com.sandra.automation.steps.PostSteps.eu_busco_o_post_com_o_id(int)&amp#27;[0m
✅ Status Code Validado: 404
✔️ Resultado salvo no Excel: target/relatorio_testes.xlsx
  &amp#27;[32mEntÃ£o &amp#27;[0m&amp#27;[32mo status code da resposta deve ser &amp#27;[0m&amp#27;[32m&amp#27;[1m404&amp#27;[0m &amp#27;[90m# br.com.sandra.automation.steps.PostSteps.o_status_code_da_resposta_deve_ser(int)&amp#27;[0m
✅ Resposta sem título para status 404 validada.
  &amp#27;[32mE &amp#27;[0m&amp#27;[32mo titulo do post deve ser &amp#27;[0m&amp#27;[32m&amp#27;[1m""&amp#27;[0m               &amp#27;[90m# br.com.sandra.automation.steps.PostSteps.o_titulo_do_post_deve_ser(java.lang.String)&amp#27;[0m
🔸 Finalizando cenário: Validar um post pelo ID
✅ Cenário passou: Validar um post pelo ID
]]></system-out>
  </testcase>
</testsuite>